<?xml version="1.0" encoding="UTF-8"?>
<!-- Generated by org.testng.reporters.JUnitReportReporter -->
<testsuite skipped="0" hostname="PavilionG4" name="com.fullstack.batch3.AppTest" tests="1" failures="0" timestamp="19 Sep 2020 12:09:35 GMT" time="47.253" errors="0">
  <testcase name="loginWithCorrectCredentials" time="47.253" classname="com.fullstack.batch3.AppTest"/>
</testsuite> <!-- com.fullstack.batch3.AppTest -->
