<?xml version="1.0" encoding="UTF-8"?>
<!-- Generated by org.testng.reporters.JUnitReportReporter -->
<testsuite skipped="0" hostname="PavilionG4" name="com.fullstack.batch3.APITest" tests="2" failures="0" timestamp="19 Sep 2020 07:19:35 GMT" time="10.106" errors="0">
  <testcase name="testLoginAPI" time="7.407" classname="com.fullstack.batch3.APITest"/>
  <testcase name="testDashboardAPI" time="2.699" classname="com.fullstack.batch3.APITest"/>
</testsuite> <!-- com.fullstack.batch3.APITest -->
